<?xml version="1.0" encoding="UTF-8"?>
<testsuite name="example.VehiclesCtrlTest" tests="1" skipped="0" failures="0" errors="0" timestamp="2017-07-09T11:58:22" hostname="eulplotnic" time="0.426">
  <properties/>
  <testcase name="shouldRetrunVehiclesForSpecifiedCity" classname="example.VehiclesCtrlTest" time="0.426"/>
  <system-out><![CDATA[]]></system-out>
  <system-err><![CDATA[]]></system-err>
</testsuite>
