<?xml version="1.0" encoding="UTF-8"?>
<testsuite name="example.vehicles.VehiclesRegistryTest" tests="1" skipped="0" failures="0" errors="0" timestamp="2017-07-09T11:58:20" hostname="eulplotnic" time="1.493">
  <properties/>
  <testcase name="shouldRetriveTheVehiclesInformationFromHamburgService" classname="example.vehicles.VehiclesRegistryTest" time="1.493"/>
  <system-out><![CDATA[13:58:21.484 [Test worker] DEBUG org.apache.http.client.protocol.RequestAddCookies - CookieSpec selected: default
13:58:21.497 [Test worker] DEBUG org.apache.http.client.protocol.RequestAuthCache - Auth cache not set in the context
13:58:21.499 [Test worker] DEBUG org.apache.http.impl.conn.PoolingHttpClientConnectionManager - Connection request: [route: {}->http://localhost:8080][total kept alive: 0; route allocated: 0 of 100; total allocated: 0 of 200]
13:58:21.518 [Test worker] DEBUG org.apache.http.impl.conn.PoolingHttpClientConnectionManager - Connection leased: [id: 0][route: {}->http://localhost:8080][total kept alive: 0; route allocated: 1 of 100; total allocated: 1 of 200]
13:58:21.520 [Test worker] DEBUG org.apache.http.impl.execchain.MainClientExec - Opening connection {}->http://localhost:8080
13:58:21.523 [Test worker] DEBUG org.apache.http.impl.conn.DefaultHttpClientConnectionOperator - Connecting to localhost/127.0.0.1:8080
13:58:21.528 [Test worker] DEBUG org.apache.http.impl.conn.DefaultHttpClientConnectionOperator - Connection established 127.0.0.1:58471<->127.0.0.1:8080
13:58:21.529 [Test worker] DEBUG org.apache.http.impl.execchain.MainClientExec - Executing request OPTIONS / HTTP/1.1
13:58:21.529 [Test worker] DEBUG org.apache.http.impl.execchain.MainClientExec - Target auth state: UNCHALLENGED
13:58:21.530 [Test worker] DEBUG org.apache.http.impl.execchain.MainClientExec - Proxy auth state: UNCHALLENGED
13:58:21.534 [Test worker] DEBUG org.apache.http.headers - http-outgoing-0 >> OPTIONS / HTTP/1.1
13:58:21.535 [Test worker] DEBUG org.apache.http.headers - http-outgoing-0 >> X-PACT-BOOTCHECK: true
13:58:21.535 [Test worker] DEBUG org.apache.http.headers - http-outgoing-0 >> Host: localhost:8080
13:58:21.536 [Test worker] DEBUG org.apache.http.headers - http-outgoing-0 >> Connection: Keep-Alive
13:58:21.536 [Test worker] DEBUG org.apache.http.headers - http-outgoing-0 >> User-Agent: Apache-HttpClient/4.5.3 (Java/1.8.0_121)
13:58:21.537 [Test worker] DEBUG org.apache.http.headers - http-outgoing-0 >> Accept-Encoding: gzip,deflate
13:58:21.538 [Test worker] DEBUG org.apache.http.wire - http-outgoing-0 >> "OPTIONS / HTTP/1.1[\r][\n]"
13:58:21.538 [Test worker] DEBUG org.apache.http.wire - http-outgoing-0 >> "X-PACT-BOOTCHECK: true[\r][\n]"
13:58:21.538 [Test worker] DEBUG org.apache.http.wire - http-outgoing-0 >> "Host: localhost:8080[\r][\n]"
13:58:21.538 [Test worker] DEBUG org.apache.http.wire - http-outgoing-0 >> "Connection: Keep-Alive[\r][\n]"
13:58:21.539 [Test worker] DEBUG org.apache.http.wire - http-outgoing-0 >> "User-Agent: Apache-HttpClient/4.5.3 (Java/1.8.0_121)[\r][\n]"
13:58:21.539 [Test worker] DEBUG org.apache.http.wire - http-outgoing-0 >> "Accept-Encoding: gzip,deflate[\r][\n]"
13:58:21.539 [Test worker] DEBUG org.apache.http.wire - http-outgoing-0 >> "[\r][\n]"
13:58:21.545 [Test worker] DEBUG org.apache.http.wire - http-outgoing-0 << "HTTP/1.1 200 OK[\r][\n]"
13:58:21.546 [Test worker] DEBUG org.apache.http.wire - http-outgoing-0 << "Date: Sun, 09 Jul 2017 11:58:21 GMT[\r][\n]"
13:58:21.547 [Test worker] DEBUG org.apache.http.wire - http-outgoing-0 << "Transfer-encoding: chunked[\r][\n]"
13:58:21.547 [Test worker] DEBUG org.apache.http.wire - http-outgoing-0 << "X-pact-bootcheck: true[\r][\n]"
13:58:21.548 [Test worker] DEBUG org.apache.http.wire - http-outgoing-0 << "[\r][\n]"
13:58:21.550 [Test worker] DEBUG org.apache.http.headers - http-outgoing-0 << HTTP/1.1 200 OK
13:58:21.550 [Test worker] DEBUG org.apache.http.headers - http-outgoing-0 << Date: Sun, 09 Jul 2017 11:58:21 GMT
13:58:21.550 [Test worker] DEBUG org.apache.http.headers - http-outgoing-0 << Transfer-encoding: chunked
13:58:21.551 [Test worker] DEBUG org.apache.http.headers - http-outgoing-0 << X-pact-bootcheck: true
13:58:21.557 [Test worker] DEBUG org.apache.http.impl.execchain.MainClientExec - Connection can be kept alive indefinitely
13:58:21.654 [Thread-5] DEBUG au.com.dius.pact.consumer.BaseMockServer - Received request: 	method: GET
	path: /vehicles/registrations/all
	query: [:]
	headers: [Accept-encoding:gzip, Connection:Keep-Alive, Host:localhost:8080, User-agent:okhttp/3.8.1]
	matchers: MatchingRules(rules=[:])
	generators: Generators(categories={})
	body: OptionalBody(state=EMPTY, value=)
13:58:21.675 [Thread-5] DEBUG au.com.dius.pact.model.RequestMatching$ - comparing to expected request: 
	method: GET
	path: /vehicles/registrations/all
	query: [:]
	headers: [:]
	matchers: MatchingRules(rules=[:])
	generators: Generators(categories={})
	body: OptionalBody(state=MISSING, value=null)
13:58:21.917 [Thread-5] DEBUG au.com.dius.pact.model.Matching$ - No matcher for text/plain, using equality
13:58:21.918 [Thread-5] DEBUG au.com.dius.pact.model.RequestMatching$ - Request mismatch: List()
13:58:22.017 [Thread-5] DEBUG au.com.dius.pact.consumer.BaseMockServer - Generating response: 	status: 200
	headers: [:]
	matchers: MatchingRules(rules=[:])
	generators: Generators(categories={})
	body: OptionalBody(state=PRESENT, value={"city":"Hamburg","gasoline":{"2017":100},"diesel":{"2017":10}})
13:58:22.171 [Test worker] DEBUG au.com.dius.pact.consumer.BaseMockServer - Writing pact info-app-service -> hamburg-data-provider to file target/pacts/info-app-service-hamburg-data-provider.json
]]></system-out>
  <system-err><![CDATA[]]></system-err>
</testsuite>
